<?xml version="1.0" encoding="UTF-8"?>
<!-- Generated by org.testng.reporters.JUnitXMLReporter -->
<testsuite ignored="0" hostname="AKSHAY-PC" failures="0" tests="3" name="smoke test" time="29.395" errors="0" timestamp="2025-10-13T15:48:45 IST">
  <testcase classname="types_of_execution.Demo1" name="case1" time="14.894"/>
  <testcase classname="types_of_execution.Demo2" name="case2" time="6.826"/>
  <testcase classname="types_of_execution.Demo3" name="case3" time="7.572"/>
</testsuite> <!-- smoke test -->
