<?xml version="1.0" encoding="UTF-8"?>
<!-- Generated by org.testng.reporters.JUnitXMLReporter -->
<testsuite ignored="4" hostname="AKSHAY-PC" failures="0" tests="2" name="Test" time="5.704" errors="0" timestamp="2025-10-14T20:47:45 IST">
  <testcase classname="types_of_execution.Demo7" name="case6" time="3.338"/>
  <testcase classname="types_of_execution.Demo8" name="case7" time="2.292"/>
  <testcase classname="types_of_execution.Demo8" name="case71" time="0.0">
    <ignored/>
  </testcase> <!-- case71 -->
  <testcase classname="types_of_execution.Demo7" name="case601" time="0.0">
    <ignored/>
  </testcase> <!-- case601 -->
  <testcase classname="types_of_execution.Demo8" name="case701" time="0.0">
    <ignored/>
  </testcase> <!-- case701 -->
  <testcase classname="types_of_execution.Demo7" name="case61" time="0.0">
    <ignored/>
  </testcase> <!-- case61 -->
</testsuite> <!-- Test -->
