<?xml version="1.0" encoding="UTF-8"?>
<testng-results ignored="0" total="1" passed="1" failed="0" skipped="0">
  <reporter-output>
  </reporter-output>
  <suite started-at="2025-10-14T20:48:46 IST" name="Default suite" finished-at="2025-10-14T20:48:46 IST" duration-ms="92">
    <groups>
    </groups>
    <test started-at="2025-10-14T20:48:46 IST" name="Default test" finished-at="2025-10-14T20:48:46 IST" duration-ms="92">
      <class name="config_ann_extra.ContactTest">
        <test-method is-config="true" signature="openBro()[pri:0, instance:config_ann_extra.ContactTest@222545dc]" started-at="2025-10-14T20:48:46 IST" name="openBro" finished-at="2025-10-14T20:48:46 IST" duration-ms="13" status="PASS">
          <reporter-output>
          </reporter-output>
        </test-method> <!-- openBro -->
        <test-method is-config="true" signature="login()[pri:0, instance:config_ann_extra.ContactTest@222545dc]" started-at="2025-10-14T20:48:46 IST" name="login" finished-at="2025-10-14T20:48:46 IST" duration-ms="0" status="PASS">
          <reporter-output>
          </reporter-output>
        </test-method> <!-- login -->
        <test-method signature="createContactTest()[pri:0, instance:config_ann_extra.ContactTest@222545dc]" started-at="2025-10-14T20:48:46 IST" name="createContactTest" finished-at="2025-10-14T20:48:46 IST" duration-ms="9" status="PASS">
          <reporter-output>
          </reporter-output>
        </test-method> <!-- createContactTest -->
        <test-method is-config="true" signature="logout()[pri:0, instance:config_ann_extra.ContactTest@222545dc]" started-at="2025-10-14T20:48:46 IST" name="logout" finished-at="2025-10-14T20:48:46 IST" duration-ms="1" status="PASS">
          <reporter-output>
          </reporter-output>
        </test-method> <!-- logout -->
        <test-method is-config="true" signature="closeBro()[pri:0, instance:config_ann_extra.ContactTest@222545dc]" started-at="2025-10-14T20:48:46 IST" name="closeBro" finished-at="2025-10-14T20:48:46 IST" duration-ms="1" status="PASS">
          <reporter-output>
          </reporter-output>
        </test-method> <!-- closeBro -->
      </class> <!-- config_ann_extra.ContactTest -->
    </test> <!-- Default test -->
  </suite> <!-- Default suite -->
</testng-results>
